{"content": {"suites": {"0": {"status": {"total_pass": 2, "total_skip": 0, "total_xpass": 0, "total_xfail": 0, "total_rerun": 0, "total_fail": 3, "total_error": 0}, "tests": {"0": {"status": "PASS", "message": "", "test_name": "test_Resources", "rerun": "0"}, "1": {"status": "PASS", "message": "", "test_name": "test_D2l[vpatel2894-tiku56]", "rerun": "0"}, "2": {"status": "FAIL", "message": "   selenium.common.exceptions.NoSuchElementException: Message: no such element: Unable to locate element: {\"method\":\"link text\",\"selector\":\"D2L\"}\n     (Session info: chrome=91.0.4472.77)\n", "test_name": "test_D2l[vpa6653-$$$$]", "rerun": "0"}, "3": {"status": "FAIL", "message": "   AttributeError: 'NoneType' object has no attribute 'click'\n", "test_name": "test_D2l[vpatel6653-VrUsHtI94$]", "rerun": "0"}, "4": {"status": "FAIL", "message": "   selenium.common.exceptions.NoSuchWindowException: Message: no such window: target window already closed\n   from unknown error: web view not found\n     (Session info: chrome=91.0.4472.77)\n", "test_name": "test_Current_student", "rerun": "0"}}, "suite_name": "test_sanity.py"}}}, "date": "May 28, 2021", "start_time": 1622253853.382787, "total_suite": 1, "status": "FAIL", "status_list": {"pass": "2", "fail": "3", "skip": "0", "error": "0", "xpass": "0", "xfail": "0", "rerun": "0"}, "total_tests": "5"}